2025-12-07 21:52:47, MOVE, v:1, k:poo@zoo, mode:DOWN
2025-12-07 21:56:41, MOVE, v:1, k:poo@zoo, mode:PICK
2025-12-07 21:56:41, EXEC, v:1, k:poo@zoo, mode:LOCK, rate:100, size:1
2025-12-07 21:56:42, EXEC, v:1, k:poo@zoo, mode:LOCK, rate:100
2025-12-07 21:56:43, EXEC, v:1, k:poo@zoo, mode:LOCK, rate:100
2025-12-07 22:00:42, EXEC, v:1, k:poo@zoo, mode:LOCK, rate:0, size:2
2025-12-07 22:00:44, EXEC, v:1, k:poo@zoo, mode:LOCK, rate:0
2025-12-07 22:00:50, EXEC, v:1, k:poo@zoo, mode:LOCK, rate:0
2025-12-07 22:00:50, MOVE, v:1, k:poo@zoo, mode:BACK
2025-12-07 22:04:48, MOVE, v:1, k:poo@zoo, mode:PICK
2025-12-07 22:04:48, EXEC, v:1, k:poo@zoo, mode:LOCK, rate:0, size:1
2025-12-07 22:04:49, EXEC, v:1, k:poo@zoo, mode:LOCK, rate:0
2025-12-07 22:07:08, EXEC, v:1, k:poo@zoo, mode:LOCK, rate:0, size:11
2025-12-07 22:07:08, EXEC, v:1, k:poo@zoo, mode:LOCK, rate:0, size:11
2025-12-07 22:10:12, EXEC, v:1, k:poo@zoo, mode:LOCK, rate:0, size:11
2025-12-07 22:13:51, EXEC, v:1, k:poo@zoo, mode:LOCK, rate:0, size:11
2025-12-07 22:13:51, EXEC, v:1, k:poo@zoo, mode:LOCK, rate:0, size:11
2025-12-07 22:13:52, EXEC, v:1, k:poo@zoo, mode:LOCK, rate:0, size:11
2025-12-07 22:13:52, EXEC, v:1, k:poo@zoo, mode:LOCK, rate:0, size:11
2025-12-07 22:13:52, EXEC, v:1, k:poo@zoo, mode:LOCK, rate:0, size:11
2025-12-07 22:13:52, EXEC, v:1, k:poo@zoo, mode:LOCK, rate:0, size:11
2025-12-07 22:13:52, EXEC, v:1, k:poo@zoo, mode:LOCK, rate:0, size:11
2025-12-07 22:13:52, EXEC, v:1, k:poo@zoo, mode:LOCK, rate:0, size:11
2025-12-07 22:13:52, EXEC, v:1, k:poo@zoo, mode:LOCK, rate:0, size:11
2025-12-07 22:13:53, EXEC, v:1, k:poo@zoo, mode:LOCK, rate:0
2025-12-07 22:13:53, EXEC, v:1, k:poo@zoo, mode:LOCK, rate:0
2025-12-07 22:13:53, EXEC, v:1, k:poo@zoo, mode:LOCK, rate:0
2025-12-07 22:13:53, EXEC, v:1, k:poo@zoo, mode:LOCK, rate:0
2025-12-07 22:13:53, EXEC, v:1, k:poo@zoo, mode:LOCK, rate:0
2025-12-07 22:13:53, EXEC, v:1, k:poo@zoo, mode:LOCK, rate:0
2025-12-07 22:13:54, EXEC, v:1, k:poo@zoo, mode:LOCK, rate:0
2025-12-07 22:13:54, EXEC, v:1, k:poo@zoo, mode:LOCK, rate:0
2025-12-07 22:13:54, EXEC, v:1, k:poo@zoo, mode:LOCK, rate:0
2025-12-07 22:13:54, EXEC, v:1, k:poo@zoo, mode:LOCK, rate:0
2025-12-07 22:13:55, EXEC, v:1, k:poo@zoo, mode:LOCK, rate:0
2025-12-07 22:13:55, EXEC, v:1, k:poo@zoo, mode:LOCK, rate:0
2025-12-07 22:13:55, EXEC, v:1, k:poo@zoo, mode:LOCK, rate:0
2025-12-07 22:13:56, EXEC, v:1, k:poo@zoo, mode:LOCK, rate:0
2025-12-07 22:13:56, EXEC, v:1, k:poo@zoo, mode:LOCK, rate:0
2025-12-07 22:13:56, EXEC, v:1, k:poo@zoo, mode:LOCK, rate:0
2025-12-07 22:13:56, EXEC, v:1, k:poo@zoo, mode:LOCK, rate:0
2025-12-07 22:13:56, EXEC, v:1, k:poo@zoo, mode:LOCK, rate:0
2025-12-07 22:13:57, EXEC, v:1, k:poo@zoo, mode:LOCK, rate:0
2025-12-07 22:13:57, EXEC, v:1, k:poo@zoo, mode:LOCK, rate:0
2025-12-07 22:13:57, EXEC, v:1, k:poo@zoo, mode:LOCK, rate:0
2025-12-07 22:13:57, EXEC, v:1, k:poo@zoo, mode:LOCK, rate:0
2025-12-07 22:13:57, EXEC, v:1, k:poo@zoo, mode:LOCK, rate:0
2025-12-07 22:13:58, EXEC, v:1, k:poo@zoo, mode:LOCK, rate:0
2025-12-07 22:13:58, EXEC, v:1, k:poo@zoo, mode:LOCK, rate:0
2025-12-07 22:13:58, EXEC, v:1, k:poo@zoo, mode:LOCK, rate:0
2025-12-07 22:13:58, EXEC, v:1, k:poo@zoo, mode:LOCK, rate:0
2025-12-07 22:13:59, EXEC, v:1, k:poo@zoo, mode:LOCK, rate:0
2025-12-07 22:13:59, EXEC, v:1, k:poo@zoo, mode:LOCK, rate:0
2025-12-07 22:13:59, EXEC, v:1, k:poo@zoo, mode:LOCK, rate:0
2025-12-07 22:14:00, EXEC, v:1, k:poo@zoo, mode:LOCK, rate:0
2025-12-07 22:14:00, EXEC, v:1, k:poo@zoo, mode:LOCK, rate:0
2025-12-07 22:14:00, EXEC, v:1, k:poo@zoo, mode:LOCK, rate:0
2025-12-07 22:14:00, EXEC, v:1, k:poo@zoo, mode:LOCK, rate:0
2025-12-07 22:14:01, EXEC, v:1, k:poo@zoo, mode:LOCK, rate:0
2025-12-07 22:14:01, EXEC, v:1, k:poo@zoo, mode:LOCK, rate:0
2025-12-07 22:14:01, EXEC, v:1, k:poo@zoo, mode:LOCK, rate:0
2025-12-07 22:14:01, EXEC, v:1, k:poo@zoo, mode:LOCK, rate:0
2025-12-07 22:14:01, EXEC, v:1, k:poo@zoo, mode:LOCK, rate:0
2025-12-07 22:14:02, EXEC, v:1, k:poo@zoo, mode:LOCK, rate:0
2025-12-07 22:14:02, EXEC, v:1, k:poo@zoo, mode:LOCK, rate:0
2025-12-07 22:14:03, EXEC, v:1, k:poo@zoo, mode:LOCK, rate:0
2025-12-07 22:14:03, EXEC, v:1, k:poo@zoo, mode:LOCK, rate:0
2025-12-07 22:14:03, EXEC, v:1, k:poo@zoo, mode:LOCK, rate:0
2025-12-07 22:14:03, EXEC, v:1, k:poo@zoo, mode:LOCK, rate:0
2025-12-07 22:14:03, EXEC, v:1, k:poo@zoo, mode:LOCK, rate:0
2025-12-07 22:14:04, EXEC, v:1, k:poo@zoo, mode:LOCK, rate:0
2025-12-07 22:14:04, EXEC, v:1, k:poo@zoo, mode:LOCK, rate:0
2025-12-07 22:14:04, EXEC, v:1, k:poo@zoo, mode:LOCK, rate:0
2025-12-07 22:14:04, EXEC, v:1, k:poo@zoo, mode:LOCK, rate:0
2025-12-07 22:14:05, EXEC, v:1, k:poo@zoo, mode:LOCK, rate:0
2025-12-07 22:14:05, EXEC, v:1, k:poo@zoo, mode:LOCK, rate:0
2025-12-07 22:14:05, EXEC, v:1, k:poo@zoo, mode:LOCK, rate:0
2025-12-07 22:14:05, EXEC, v:1, k:poo@zoo, mode:LOCK, rate:0
2025-12-07 22:14:06, EXEC, v:1, k:poo@zoo, mode:LOCK, rate:0
2025-12-07 22:14:06, EXEC, v:1, k:poo@zoo, mode:LOCK, rate:0
2025-12-07 22:14:06, EXEC, v:1, k:poo@zoo, mode:LOCK, rate:0
2025-12-07 22:14:06, EXEC, v:1, k:poo@zoo, mode:LOCK, rate:0
2025-12-07 22:14:07, EXEC, v:1, k:poo@zoo, mode:LOCK, rate:0
2025-12-07 22:14:07, EXEC, v:1, k:poo@zoo, mode:LOCK, rate:0
2025-12-07 22:14:07, EXEC, v:1, k:poo@zoo, mode:LOCK, rate:0
2025-12-07 22:14:07, EXEC, v:1, k:poo@zoo, mode:LOCK, rate:0
2025-12-07 22:14:07, EXEC, v:1, k:poo@zoo, mode:LOCK, rate:0
2025-12-07 22:14:08, EXEC, v:1, k:poo@zoo, mode:LOCK, rate:0
2025-12-07 22:14:08, EXEC, v:1, k:poo@zoo, mode:LOCK, rate:0
2025-12-07 22:14:08, EXEC, v:1, k:poo@zoo, mode:LOCK, rate:0
2025-12-07 22:14:08, EXEC, v:1, k:poo@zoo, mode:LOCK, rate:0
2025-12-07 22:14:09, EXEC, v:1, k:poo@zoo, mode:LOCK, rate:0
2025-12-07 22:14:09, EXEC, v:1, k:poo@zoo, mode:LOCK, rate:0
2025-12-07 22:14:09, EXEC, v:1, k:poo@zoo, mode:LOCK, rate:0
2025-12-07 22:14:10, EXEC, v:1, k:poo@zoo, mode:LOCK, rate:0
2025-12-07 22:14:10, EXEC, v:1, k:poo@zoo, mode:LOCK, rate:0
2025-12-07 22:14:10, EXEC, v:1, k:poo@zoo, mode:LOCK, rate:0
2025-12-07 22:14:10, EXEC, v:1, k:poo@zoo, mode:LOCK, rate:0
2025-12-07 22:14:10, EXEC, v:1, k:poo@zoo, mode:LOCK, rate:0
2025-12-07 22:14:11, EXEC, v:1, k:poo@zoo, mode:LOCK, rate:0
2025-12-07 22:14:11, EXEC, v:1, k:poo@zoo, mode:LOCK, rate:0
2025-12-07 22:14:11, EXEC, v:1, k:poo@zoo, mode:LOCK, rate:0
2025-12-07 22:14:11, EXEC, v:1, k:poo@zoo, mode:LOCK, rate:0
2025-12-07 22:14:12, EXEC, v:1, k:poo@zoo, mode:LOCK, rate:0
2025-12-07 22:14:12, EXEC, v:1, k:poo@zoo, mode:LOCK, rate:0
2025-12-07 22:14:12, EXEC, v:1, k:poo@zoo, mode:LOCK, rate:0
2025-12-07 22:14:13, EXEC, v:1, k:poo@zoo, mode:LOCK, rate:0
2025-12-07 22:14:14, EXEC, v:1, k:poo@zoo, mode:LOCK, rate:0
2025-12-07 22:14:14, EXEC, v:1, k:poo@zoo, mode:LOCK, rate:0
2025-12-07 22:14:15, EXEC, v:1, k:poo@zoo, mode:LOCK, rate:0
2025-12-07 22:14:16, EXEC, v:1, k:poo@zoo, mode:LOCK, rate:0
2025-12-07 22:14:34, EXEC, v:1, k:poo@zoo, mode:LOCK, rate:0
2025-12-07 22:14:35, EXEC, v:1, k:poo@zoo, mode:LOCK, rate:0
2025-12-07 22:14:35, EXEC, v:1, k:poo@zoo, mode:LOCK, rate:0
2025-12-07 22:14:36, EXEC, v:1, k:poo@zoo, mode:LOCK, rate:0
2025-12-07 22:14:36, EXEC, v:1, k:poo@zoo, mode:LOCK, rate:0
2025-12-07 22:14:36, EXEC, v:1, k:poo@zoo, mode:LOCK, rate:0
2025-12-07 22:14:37, EXEC, v:1, k:poo@zoo, mode:LOCK, rate:0
2025-12-07 22:14:37, EXEC, v:1, k:poo@zoo, mode:LOCK, rate:0
2025-12-07 22:14:37, EXEC, v:1, k:poo@zoo, mode:LOCK, rate:0
2025-12-07 22:14:37, EXEC, v:1, k:poo@zoo, mode:LOCK, rate:0
2025-12-07 22:14:38, EXEC, v:1, k:poo@zoo, mode:LOCK, rate:0
2025-12-07 22:15:31, MOVE, v:1, k:poo@zoo, mode:BACK
2025-12-07 22:15:35, MOVE, v:1, k:poo@zoo, mode:PICK
2025-12-07 22:15:35, EXEC, v:1, k:poo@zoo, mode:LOCK, rate:0
2025-12-07 22:15:36, EXEC, v:1, k:poo@zoo, mode:LOCK, rate:0
2025-12-07 22:19:55, EXEC, v:1, k:poo@zoo, mode:LOCK, rate:0, size:23
2025-12-07 22:19:56, EXEC, v:1, k:poo@zoo, mode:LOCK, rate:0
2025-12-07 22:20:03, EXEC, v:1, k:poo@zoo, mode:LOCK, rate:0, size:22
2025-12-07 22:20:05, EXEC, v:1, k:poo@zoo, mode:LOCK, rate:0
2025-12-07 22:28:58, EXEC, v:1, k:poo@zoo, mode:LOCK, rate:0
2025-12-07 22:28:58, EXEC, v:1, k:poo@zoo, mode:LOCK, rate:0
2025-12-07 22:29:00, MOVE, v:1, k:poo@zoo, mode:BACK
2025-12-07 22:29:43, MOVE, v:1, k:poo@zoo, mode:PICK
2025-12-07 22:29:44, EXEC, v:1, k:poo@zoo, mode:LOCK, rate:0, size:23
2025-12-07 22:29:44, EXEC, v:1, k:poo@zoo, mode:LOCK, rate:0, size:23
2025-12-07 22:31:14, EXEC, v:1, k:poo@zoo, mode:LOCK, rate:0, size:23
2025-12-07 22:41:03, EXEC, v:1, k:poo@zoo, mode:LOCK, rate:0, size:25
2025-12-07 22:41:06, MOVE, v:1, k:poo@zoo, mode:BACK
2025-12-07 22:45:55, MOVE, v:1, k:poo@zoo, mode:PICK
2025-12-07 22:45:56, EXEC, v:1, k:poo@zoo, mode:LOCK, rate:0, size:25
2025-12-07 22:49:04, EXEC, v:1, k:poo@zoo, mode:LOCK, rate:0, size:24
2025-12-07 22:50:44, EXEC, v:1, k:poo@zoo, mode:LOCK, rate:0, size:31
2025-12-07 22:51:06, MOVE, v:1, k:poo@zoo, mode:BACK
2025-12-07 22:51:28, MOVE, v:1, k:poo@zoo, mode:PICK
2025-12-07 22:51:29, EXEC, v:1, k:poo@zoo, mode:LOCK, rate:0
2025-12-07 22:52:38, EXEC, v:1, k:poo@zoo, mode:LOCK, rate:0, size:35
2025-12-07 22:52:39, EXEC, v:1, k:poo@zoo, mode:LOCK, rate:0
2025-12-07 23:03:02, EXEC, v:1, k:poo@zoo, mode:LOCK, rate:0
2025-12-07 23:03:02, EXEC, v:1, k:poo@zoo, mode:LOCK, rate:0
2025-12-07 23:03:04, EXEC, v:1, k:poo@zoo, mode:LOCK, rate:0
2025-12-07 23:03:04, MOVE, v:1, k:poo@zoo, mode:BACK
