2025-12-08 15:52:20, MOVE, v:1, k:poo@pagamento, mode:DOWN
2025-12-08 15:53:42, MOVE, v:1, k:poo@pagamento, mode:PICK
2025-12-08 15:53:43, EXEC, v:1, k:poo@pagamento, mode:LOCK, rate:100, size:0
2025-12-08 15:53:43, EXEC, v:1, k:poo@pagamento, mode:LOCK, rate:100, size:0
2025-12-08 15:56:15, EXEC, v:1, k:poo@pagamento, mode:LOCK, rate:0, size:2
2025-12-08 15:56:16, EXEC, v:1, k:poo@pagamento, mode:LOCK, rate:0
2025-12-08 15:59:30, EXEC, v:1, k:poo@pagamento, mode:LOCK, rate:0, size:4
2025-12-08 15:59:31, EXEC, v:1, k:poo@pagamento, mode:LOCK, rate:0
2025-12-08 16:01:19, EXEC, v:1, k:poo@pagamento, mode:LOCK, rate:0, size:5
2025-12-08 16:07:28, EXEC, v:1, k:poo@pagamento, mode:LOCK, rate:0, size:17
2025-12-08 16:07:29, EXEC, v:1, k:poo@pagamento, mode:LOCK, rate:0
2025-12-08 16:07:29, EXEC, v:1, k:poo@pagamento, mode:LOCK, rate:0
2025-12-08 16:07:29, EXEC, v:1, k:poo@pagamento, mode:LOCK, rate:0
2025-12-08 16:07:30, EXEC, v:1, k:poo@pagamento, mode:LOCK, rate:0
2025-12-08 16:07:30, EXEC, v:1, k:poo@pagamento, mode:LOCK, rate:0
2025-12-08 16:08:29, EXEC, v:1, k:poo@pagamento, mode:LOCK, rate:0, size:17
2025-12-08 16:12:40, EXEC, v:1, k:poo@pagamento, mode:LOCK, rate:0, size:17
2025-12-08 16:12:40, EXEC, v:1, k:poo@pagamento, mode:LOCK, rate:0, size:17
2025-12-08 16:18:17, EXEC, v:1, k:poo@pagamento, mode:LOCK, rate:0, size:17
2025-12-08 16:21:13, EXEC, v:1, k:poo@pagamento, mode:LOCK, rate:0, size:18
2025-12-08 16:24:58, EXEC, v:1, k:poo@pagamento, mode:LOCK, rate:0, size:26
2025-12-08 16:24:58, EXEC, v:1, k:poo@pagamento, mode:LOCK, rate:0, size:26
2025-12-08 16:26:06, EXEC, v:1, k:poo@pagamento, mode:LOCK, rate:0, size:29
2025-12-08 16:29:59, EXEC, v:1, k:poo@pagamento, mode:LOCK, rate:0, size:42
2025-12-08 16:30:00, EXEC, v:1, k:poo@pagamento, mode:LOCK, rate:0
2025-12-08 16:30:04, EXEC, v:1, k:poo@pagamento, mode:LOCK, rate:0
2025-12-08 16:30:12, MOVE, v:1, k:poo@pagamento, mode:BACK
2025-12-08 18:26:10, MOVE, v:1, k:poo@pagamento, mode:PICK
2025-12-08 18:26:11, EXEC, v:1, k:poo@pagamento, mode:LOCK, rate:0
2025-12-08 18:26:11, EXEC, v:1, k:poo@pagamento, mode:LOCK, rate:0
2025-12-08 18:26:25, MOVE, v:1, k:poo@pagamento, mode:BACK
2025-12-08 18:26:44, MOVE, v:1, k:poo@pagamento, mode:PICK
2025-12-08 18:26:45, EXEC, v:1, k:poo@pagamento, mode:LOCK, rate:0
2025-12-08 18:29:35, EXEC, v:1, k:poo@pagamento, mode:LOCK, rate:0, size:51
2025-12-08 18:29:36, EXEC, v:1, k:poo@pagamento, mode:LOCK, rate:0
2025-12-08 18:33:59, EXEC, v:1, k:poo@pagamento, mode:LOCK, rate:0, size:51
2025-12-08 18:37:49, EXEC, v:1, k:poo@pagamento, mode:LOCK, rate:0, size:52
2025-12-08 18:37:51, EXEC, v:1, k:poo@pagamento, mode:LOCK, rate:0
2025-12-08 18:37:52, MOVE, v:1, k:poo@pagamento, mode:BACK
2025-12-08 18:37:56, MOVE, v:1, k:poo@pagamento, mode:PICK
2025-12-08 18:37:57, EXEC, v:1, k:poo@pagamento, mode:LOCK, rate:0
2025-12-08 18:39:55, EXEC, v:1, k:poo@pagamento, mode:LOCK, rate:0, size:53
2025-12-08 18:48:37, EXEC, v:1, k:poo@pagamento, mode:LOCK, rate:0
2025-12-08 18:52:56, EXEC, v:1, k:poo@pagamento, mode:LOCK, rate:0
2025-12-08 18:53:05, EXEC, v:1, k:poo@pagamento, mode:LOCK, rate:0
2025-12-08 18:53:06, EXEC, v:1, k:poo@pagamento, mode:LOCK, rate:0
2025-12-08 18:53:07, EXEC, v:1, k:poo@pagamento, mode:LOCK, rate:0
2025-12-08 18:53:08, EXEC, v:1, k:poo@pagamento, mode:LOCK, rate:0
2025-12-08 18:53:15, EXEC, v:1, k:poo@pagamento, mode:LOCK, rate:0, size:54
2025-12-08 18:53:15, EXEC, v:1, k:poo@pagamento, mode:LOCK, rate:0, size:54
2025-12-08 18:53:16, EXEC, v:1, k:poo@pagamento, mode:LOCK, rate:0, size:54
2025-12-08 18:53:16, EXEC, v:1, k:poo@pagamento, mode:LOCK, rate:0, size:54
2025-12-08 18:53:17, EXEC, v:1, k:poo@pagamento, mode:LOCK, rate:0, size:54
2025-12-08 18:53:20, MOVE, v:1, k:poo@pagamento, mode:BACK
2025-12-08 18:53:21, MOVE, v:1, k:poo@pagamento, mode:PICK
2025-12-08 18:53:22, MOVE, v:1, k:poo@pagamento, mode:BACK
2025-12-08 18:58:35, MOVE, v:1, k:poo@pagamento, mode:PICK
2025-12-08 18:58:36, EXEC, v:1, k:poo@pagamento, mode:LOCK, rate:0
2025-12-08 18:58:36, EXEC, v:1, k:poo@pagamento, mode:LOCK, rate:0
2025-12-08 19:02:14, EXEC, v:1, k:poo@pagamento, mode:LOCK, rate:0
2025-12-08 19:03:11, EXEC, v:1, k:poo@pagamento, mode:LOCK, rate:0, size:54
2025-12-08 19:30:09, EXEC, v:1, k:poo@pagamento, mode:LOCK, rate:0
2025-12-08 19:30:13, MOVE, v:1, k:poo@pagamento, mode:BACK
