2025-12-14 00:20:14, MOVE, v:1, k:poo@zoo, mode:PICK
2025-12-14 00:20:15, EXEC, v:1, k:poo@zoo, mode:LOCK, rate:0
2025-12-14 00:31:00, EXEC, v:1, k:poo@zoo, mode:LOCK, rate:0, size:24
2025-12-14 00:31:02, EXEC, v:1, k:poo@zoo, mode:LOCK, rate:0
2025-12-14 00:31:08, EXEC, v:1, k:poo@zoo, mode:LOCK, rate:0
2025-12-14 00:37:52, EXEC, v:1, k:poo@zoo, mode:LOCK, rate:0
2025-12-14 00:37:52, EXEC, v:1, k:poo@zoo, mode:LOCK, rate:0
2025-12-14 00:37:53, EXEC, v:1, k:poo@zoo, mode:LOCK, rate:0
2025-12-14 00:43:36, EXEC, v:1, k:poo@zoo, mode:LOCK, rate:0, size:46
2025-12-14 00:43:36, EXEC, v:1, k:poo@zoo, mode:LOCK, rate:0, size:46
2025-12-14 00:48:49, EXEC, v:1, k:poo@zoo, mode:LOCK, rate:0, size:62
2025-12-14 00:48:49, EXEC, v:1, k:poo@zoo, mode:LOCK, rate:0
2025-12-14 00:48:50, EXEC, v:1, k:poo@zoo, mode:LOCK, rate:0
2025-12-14 00:48:51, EXEC, v:1, k:poo@zoo, mode:LOCK, rate:0
2025-12-14 00:48:54, EXEC, v:1, k:poo@zoo, mode:LOCK, rate:0
2025-12-14 00:48:54, EXEC, v:1, k:poo@zoo, mode:LOCK, rate:0
2025-12-14 00:55:09, EXEC, v:1, k:poo@zoo, mode:LOCK, rate:0, size:79
2025-12-14 00:57:01, EXEC, v:1, k:poo@zoo, mode:LOCK, rate:0, size:84
2025-12-14 00:57:01, EXEC, v:1, k:poo@zoo, mode:LOCK, rate:0, size:84
2025-12-14 01:02:03, EXEC, v:1, k:poo@zoo, mode:LOCK, rate:0, size:75
2025-12-14 01:02:08, EXEC, v:1, k:poo@zoo, mode:LOCK, rate:0
2025-12-14 01:02:15, EXEC, v:1, k:poo@zoo, mode:LOCK, rate:0
2025-12-14 01:03:39, EXEC, v:1, k:poo@zoo, mode:LOCK, rate:0
2025-12-14 01:03:40, MOVE, v:1, k:poo@zoo, mode:BACK
2025-12-14 01:03:42, MOVE, v:1, k:poo@zoo, mode:PICK
2025-12-14 01:03:42, MOVE, v:1, k:poo@zoo, mode:BACK
2025-12-14 01:06:12, SELF, v:1, k:poo@zoo, rate:100, guide:video, alone:9, study:150
2025-12-14 01:06:18, MOVE, v:1, k:poo@estacionamento, mode:DOWN
2025-12-14 01:06:50, MOVE, v:1, k:poo@estacionamento, mode:PICK
2025-12-14 01:06:51, EXEC, v:1, k:poo@estacionamento, mode:FULL, rate:0, size:0
2025-12-14 01:06:52, EXEC, v:1, k:poo@estacionamento, mode:FULL, rate:0
2025-12-14 01:06:57, EXEC, v:1, k:poo@estacionamento, mode:FULL, rate:0
2025-12-14 01:06:58, EXEC, v:1, k:poo@estacionamento, mode:FULL, rate:0
2025-12-14 01:06:59, EXEC, v:1, k:poo@estacionamento, mode:FULL, rate:0
2025-12-14 01:07:00, EXEC, v:1, k:poo@estacionamento, mode:FULL, rate:0
2025-12-14 01:07:00, EXEC, v:1, k:poo@estacionamento, mode:FULL, rate:0
2025-12-14 01:07:01, EXEC, v:1, k:poo@estacionamento, mode:FULL, rate:0
2025-12-14 01:07:01, EXEC, v:1, k:poo@estacionamento, mode:FULL, rate:0
2025-12-14 01:07:01, EXEC, v:1, k:poo@estacionamento, mode:FULL, rate:0
2025-12-14 01:07:02, EXEC, v:1, k:poo@estacionamento, mode:FULL, rate:0
2025-12-14 01:07:05, EXEC, v:1, k:poo@estacionamento, mode:FULL, rate:0, size:1
2025-12-14 01:07:24, MOVE, v:1, k:poo@estacionamento, mode:BACK
2025-12-14 20:05:27, MOVE, v:1, k:poo@estacionamento, mode:PICK
2025-12-14 20:05:27, EXEC, v:1, k:poo@estacionamento, mode:FULL, rate:0, size:0
2025-12-14 20:20:30, EXEC, v:1, k:poo@estacionamento, mode:FULL, rate:0, size:22
2025-12-14 20:20:32, EXEC, v:1, k:poo@estacionamento, mode:FULL, rate:0
2025-12-14 20:24:12, EXEC, v:1, k:poo@estacionamento, mode:FULL, rate:0, size:35
2025-12-14 20:31:28, EXEC, v:1, k:poo@estacionamento, mode:FULL, rate:0
2025-12-14 20:35:53, EXEC, v:1, k:poo@estacionamento, mode:FULL, rate:0, size:44
2025-12-14 20:42:22, EXEC, v:1, k:poo@estacionamento, mode:FULL, rate:0
2025-12-14 20:50:30, EXEC, v:1, k:poo@estacionamento, mode:FULL, rate:0, size:49
2025-12-14 20:59:08, EXEC, v:1, k:poo@estacionamento, mode:FULL, rate:0, size:50
2025-12-14 20:59:09, EXEC, v:1, k:poo@estacionamento, mode:FULL, rate:0
2025-12-14 20:59:09, EXEC, v:1, k:poo@estacionamento, mode:FULL, rate:0
2025-12-14 21:03:22, EXEC, v:1, k:poo@estacionamento, mode:FULL, rate:0, size:58
2025-12-14 21:03:41, EXEC, v:1, k:poo@estacionamento, mode:FULL, rate:0
2025-12-14 21:03:43, MOVE, v:1, k:poo@estacionamento, mode:BACK
2025-12-14 21:09:44, MOVE, v:1, k:poo@estacionamento, mode:PICK
2025-12-14 21:09:44, EXEC, v:1, k:poo@estacionamento, mode:FULL, rate:0
2025-12-14 21:09:45, EXEC, v:1, k:poo@estacionamento, mode:FULL, rate:0
2025-12-14 21:16:01, EXEC, v:1, k:poo@estacionamento, mode:FULL, rate:0
2025-12-14 21:24:37, EXEC, v:1, k:poo@estacionamento, mode:FULL, rate:0
2025-12-14 21:24:41, MOVE, v:1, k:poo@estacionamento, mode:BACK
2025-12-14 21:36:48, MOVE, v:1, k:poo@estacionamento, mode:PICK
2025-12-14 21:36:49, EXEC, v:1, k:poo@estacionamento, mode:FULL, rate:0
2025-12-14 21:36:49, EXEC, v:1, k:poo@estacionamento, mode:FULL, rate:0
2025-12-14 21:36:49, EXEC, v:1, k:poo@estacionamento, mode:FULL, rate:0
2025-12-14 21:36:49, EXEC, v:1, k:poo@estacionamento, mode:FULL, rate:0
2025-12-14 21:36:49, EXEC, v:1, k:poo@estacionamento, mode:FULL, rate:0
2025-12-14 21:36:53, EXEC, v:1, k:poo@estacionamento, mode:FULL, rate:0
2025-12-14 21:36:53, EXEC, v:1, k:poo@estacionamento, mode:FULL, rate:0
2025-12-14 21:36:53, EXEC, v:1, k:poo@estacionamento, mode:FULL, rate:0
2025-12-14 21:36:53, EXEC, v:1, k:poo@estacionamento, mode:FULL, rate:0
2025-12-14 21:44:45, MOVE, v:1, k:poo@estacionamento, mode:BACK
2025-12-14 21:44:48, MOVE, v:1, k:poo@estacionamento, mode:PICK
2025-12-14 21:44:50, EXEC, v:1, k:poo@estacionamento, mode:FULL, rate:0
2025-12-14 21:44:50, EXEC, v:1, k:poo@estacionamento, mode:FULL, rate:0
2025-12-14 21:44:51, EXEC, v:1, k:poo@estacionamento, mode:FULL, rate:0
2025-12-14 21:44:51, EXEC, v:1, k:poo@estacionamento, mode:FULL, rate:0
2025-12-14 21:44:51, EXEC, v:1, k:poo@estacionamento, mode:FULL, rate:0
2025-12-14 21:44:52, EXEC, v:1, k:poo@estacionamento, mode:FULL, rate:0
2025-12-14 21:44:52, EXEC, v:1, k:poo@estacionamento, mode:FULL, rate:0
2025-12-14 21:44:52, EXEC, v:1, k:poo@estacionamento, mode:FULL, rate:0
2025-12-14 21:44:52, EXEC, v:1, k:poo@estacionamento, mode:FULL, rate:0
2025-12-14 22:02:05, EXEC, v:1, k:poo@estacionamento, mode:FULL, rate:0, size:73
2025-12-14 22:06:07, EXEC, v:1, k:poo@estacionamento, mode:FULL, rate:0, size:74
2025-12-14 22:13:53, EXEC, v:1, k:poo@estacionamento, mode:FULL, rate:0, size:88
2025-12-14 22:13:54, EXEC, v:1, k:poo@estacionamento, mode:FULL, rate:0
2025-12-14 22:22:09, EXEC, v:1, k:poo@estacionamento, mode:FULL, rate:0
2025-12-14 22:22:09, EXEC, v:1, k:poo@estacionamento, mode:FULL, rate:0
2025-12-14 22:26:36, EXEC, v:1, k:poo@estacionamento, mode:FULL, rate:0, size:97
2025-12-14 22:26:37, EXEC, v:1, k:poo@estacionamento, mode:FULL, rate:0
2025-12-14 22:26:37, EXEC, v:1, k:poo@estacionamento, mode:FULL, rate:0
2025-12-14 22:26:37, EXEC, v:1, k:poo@estacionamento, mode:FULL, rate:0
2025-12-14 22:36:45, EXEC, v:1, k:poo@estacionamento, mode:FULL, rate:0
2025-12-14 22:36:57, MOVE, v:1, k:poo@estacionamento, mode:BACK
2025-12-14 22:40:19, MOVE, v:1, k:poo@estacionamento, mode:PICK
2025-12-14 22:40:19, EXEC, v:1, k:poo@estacionamento, mode:FULL, rate:0
2025-12-14 22:40:20, EXEC, v:1, k:poo@estacionamento, mode:FULL, rate:0
2025-12-14 22:40:21, EXEC, v:1, k:poo@estacionamento, mode:FULL, rate:0
2025-12-14 22:43:31, EXEC, v:1, k:poo@estacionamento, mode:FULL, rate:0, size:128
2025-12-14 22:43:33, EXEC, v:1, k:poo@estacionamento, mode:FULL, rate:0
2025-12-14 22:43:34, EXEC, v:1, k:poo@estacionamento, mode:FULL, rate:0
2025-12-14 22:43:34, EXEC, v:1, k:poo@estacionamento, mode:FULL, rate:0
2025-12-14 22:54:16, EXEC, v:1, k:poo@estacionamento, mode:FULL, rate:0
2025-12-14 22:58:09, EXEC, v:1, k:poo@estacionamento, mode:FULL, rate:100, size:127
2025-12-14 22:58:30, MOVE, v:1, k:poo@estacionamento, mode:BACK
2025-12-14 22:59:03, MOVE, v:1, k:poo@estacionamento, mode:PICK
2025-12-14 22:59:03, EXEC, v:1, k:poo@estacionamento, mode:FULL, rate:100
2025-12-14 22:59:47, EXEC, v:1, k:poo@estacionamento, mode:FULL, rate:100
2025-12-14 23:10:06, EXEC, v:1, k:poo@estacionamento, mode:FULL, rate:100
2025-12-14 23:10:07, EXEC, v:1, k:poo@estacionamento, mode:FULL, rate:100
2025-12-14 23:10:09, MOVE, v:1, k:poo@estacionamento, mode:BACK
2025-12-14 23:11:16, SELF, v:1, k:poo@estacionamento, rate:100, guide:video, alone:9, study:200
2025-12-14 23:11:22, MOVE, v:1, k:poo@estacionamento, mode:PICK
2025-12-14 23:11:24, MOVE, v:1, k:poo@estacionamento, mode:BACK
