2025-12-12 21:38:29, MOVE, v:1, k:poo@pagamento, mode:PICK
2025-12-12 21:38:30, EXEC, v:1, k:poo@pagamento, mode:LOCK, rate:0
2025-12-12 21:48:43, EXEC, v:1, k:poo@pagamento, mode:LOCK, rate:0, size:137
2025-12-12 23:05:36, MOVE, v:1, k:poo@pagamento, mode:PICK
2025-12-12 23:05:36, EXEC, v:1, k:poo@pagamento, mode:LOCK, rate:0
2025-12-12 23:05:37, EXEC, v:1, k:poo@pagamento, mode:LOCK, rate:0
2025-12-12 23:09:30, EXEC, v:1, k:poo@pagamento, mode:LOCK, rate:0, size:137
2025-12-12 23:09:34, EXEC, v:1, k:poo@pagamento, mode:LOCK, rate:0
2025-12-12 23:10:46, EXEC, v:1, k:poo@pagamento, mode:LOCK, rate:0, size:145
2025-12-12 23:11:07, EXEC, v:1, k:poo@pagamento, mode:LOCK, rate:0
2025-12-12 23:11:08, EXEC, v:1, k:poo@pagamento, mode:LOCK, rate:0
2025-12-12 23:11:08, EXEC, v:1, k:poo@pagamento, mode:LOCK, rate:0
2025-12-12 23:11:10, MOVE, v:1, k:poo@pagamento, mode:BACK
2025-12-12 23:11:13, MOVE, v:1, k:poo@pagamento, mode:PICK
2025-12-12 23:11:14, MOVE, v:1, k:poo@pagamento, mode:BACK
2025-12-12 23:12:33, MOVE, v:1, k:poo@pagamento, mode:PICK
2025-12-12 23:12:34, EXEC, v:1, k:poo@pagamento, mode:LOCK, rate:0
2025-12-12 23:12:35, EXEC, v:1, k:poo@pagamento, mode:LOCK, rate:0
2025-12-12 23:12:37, EXEC, v:1, k:poo@pagamento, mode:LOCK, rate:0
2025-12-12 23:12:37, EXEC, v:1, k:poo@pagamento, mode:LOCK, rate:0
2025-12-12 23:12:38, EXEC, v:1, k:poo@pagamento, mode:LOCK, rate:0
2025-12-12 23:12:39, EXEC, v:1, k:poo@pagamento, mode:LOCK, rate:0
2025-12-12 23:12:39, EXEC, v:1, k:poo@pagamento, mode:LOCK, rate:0
2025-12-12 23:12:40, EXEC, v:1, k:poo@pagamento, mode:LOCK, rate:0
2025-12-12 23:12:41, EXEC, v:1, k:poo@pagamento, mode:LOCK, rate:0
2025-12-12 23:12:42, EXEC, v:1, k:poo@pagamento, mode:LOCK, rate:0
2025-12-12 23:12:43, EXEC, v:1, k:poo@pagamento, mode:LOCK, rate:0
2025-12-12 23:12:43, EXEC, v:1, k:poo@pagamento, mode:LOCK, rate:0
2025-12-12 23:12:51, EXEC, v:1, k:poo@pagamento, mode:LOCK, rate:0
2025-12-12 23:12:53, EXEC, v:1, k:poo@pagamento, mode:LOCK, rate:0
2025-12-12 23:12:55, EXEC, v:1, k:poo@pagamento, mode:LOCK, rate:0
2025-12-12 23:12:56, EXEC, v:1, k:poo@pagamento, mode:LOCK, rate:0
2025-12-12 23:12:57, EXEC, v:1, k:poo@pagamento, mode:LOCK, rate:0
2025-12-12 23:12:57, EXEC, v:1, k:poo@pagamento, mode:LOCK, rate:0
2025-12-12 23:12:58, EXEC, v:1, k:poo@pagamento, mode:LOCK, rate:0
2025-12-12 23:12:58, EXEC, v:1, k:poo@pagamento, mode:LOCK, rate:0
2025-12-12 23:13:07, EXEC, v:1, k:poo@pagamento, mode:LOCK, rate:0
2025-12-12 23:16:48, EXEC, v:1, k:poo@pagamento, mode:LOCK, rate:0
2025-12-12 23:16:49, MOVE, v:1, k:poo@pagamento, mode:BACK
2025-12-12 23:17:44, SELF, v:1, k:poo@pagamento, rate:100, human:amigo, alone:8, study:180
